19:12:15.645 [main                     ] DEBUG Logger               - Configured Logger
19:12:15.661 [main                     ] DEBUG GameApplication      - Logging settings
Title: HexBasedExampleGame
Version: 0.0
Width: 250
Height: 288
Fullscreen: false
Intro: false
Profiling: false
Single step:false
App Mode: DEVELOPER
Menu Key: ESCAPE
Stage Style: DECORATED
Scene Factory: class com.almasb.fxgl.app.scene.SceneFactory

19:12:16.030 [JavaFX Application Thread] DEBUG FXGLApplication      - Initializing FXGL
19:12:16.032 [JavaFX Application Thread] INFO  Engine               - FXGL-21 (28.12.2023 13.35) on WINDOWS (J:21.0.2 FX:21.0.1)
19:12:16.032 [JavaFX Application Thread] DEBUG Engine               - JRE Vendor Name: Oracle Corporation
19:12:16.032 [JavaFX Application Thread] DEBUG Engine               - Running on OS: Windows 11 version 10.0
19:12:16.032 [JavaFX Application Thread] DEBUG Engine               - Architecture: amd64
19:12:16.032 [JavaFX Application Thread] INFO  Engine               - Source code and latest versions at: https://github.com/AlmasB/FXGL
19:12:16.032 [JavaFX Application Thread] INFO  Engine               -       Ask questions and discuss at: https://github.com/AlmasB/FXGL/discussions
19:12:16.032 [JavaFX Application Thread] INFO  Engine               -              Join the FXGL chat at: https://gitter.im/AlmasB/FXGL
19:12:16.093 [JavaFX Application Thread] DEBUG PrimaryStageWindow   - Creating a JavaFX scene
19:12:16.140 [JavaFX Application Thread] DEBUG PrimaryStageWindow   - Target settings size: 250.0 x 288.0
19:12:16.140 [JavaFX Application Thread] DEBUG PrimaryStageWindow   - Scaled scene size:    250.0 x 288.0
19:12:16.140 [JavaFX Application Thread] DEBUG PrimaryStageWindow   - Scaled ratio: (1.0, 1.0)
19:12:16.141 [JavaFX Application Thread] DEBUG PrimaryStageWindow   - Set initial scene to FXGLStartupScene
19:12:16.143 [JavaFX Application Thread] DEBUG PrimaryStageWindow   - Opening main window
19:12:16.215 [JavaFX Application Thread] DEBUG PrimaryStageWindow   - Window border size: (16.0, 39.0)
19:12:16.216 [JavaFX Application Thread] DEBUG PrimaryStageWindow   - Scaled size: 250.0 x 288.0
19:12:16.216 [JavaFX Application Thread] DEBUG PrimaryStageWindow   - Scaled ratio: (1.0, 1.0)
19:12:16.216 [JavaFX Application Thread] DEBUG PrimaryStageWindow   - Scene size: 250.0 x 288.0
19:12:16.216 [JavaFX Application Thread] DEBUG PrimaryStageWindow   - Stage size: 266.0 x 327.0
19:12:16.220 [FXGL Background Thread 1 ] DEBUG Engine               - Initializing environment variables
19:12:16.255 [FXGL Background Thread 1 ] DEBUG FXGLAssetLoaderServi - User app class for loading assets: class jm.fxgl.game.HexBasedExampleGame
19:12:16.255 [FXGL Background Thread 1 ] DEBUG GameApplicationServi - Applying CSS: fxgl_dark.css
19:12:16.256 [FXGL Background Thread 1 ] DEBUG FXGLAssetLoaderServi - Loading from file system: jar:file:/C:/Users/User/.m2/repository/com/github/almasb/fxgl/21/fxgl-21.jar!/fxglassets/ui/css/fxgl_dark.css
19:12:16.280 [FXGL Background Thread 1 ] DEBUG GameApplicationServi - Initializing application scenes
19:12:16.310 [FXGL Background Thread 1 ] DEBUG GameWorld            - Game world initialized
19:12:16.349 [FXGL Background Thread 1 ] DEBUG PhysicsWorld         - Physics world initialized: appHeight=288, physics.ppm=50.0
19:12:16.349 [FXGL Background Thread 1 ] DEBUG PhysicsWorld         - Using strategy: BRUTE_FORCE
19:12:16.352 [FXGL Background Thread 1 ] DEBUG GameScene            - Game scene initialized: 250x288
19:12:16.360 [FXGL Background Thread 1 ] WARN  FXGL.DefaultMenu     - FXGLDefaultMenu is not designed for resolutions < 800x600
19:12:16.360 [FXGL Background Thread 1 ] DEBUG FXGL.DefaultMenu     - createMenuBodyGameMenu()
19:12:16.369 [FXGL Background Thread 1 ] DEBUG FXGL.DefaultMenu     - createOptionsMenu()
19:12:16.374 [FXGL Background Thread 1 ] DEBUG FXGLAssetLoaderServi - Loading from file system: jar:file:/C:/Users/User/.m2/repository/com/github/almasb/fxgl/21/fxgl-21.jar!/fxglassets/textures/particles/smoke.png
19:12:16.432 [FXGL Background Thread 1 ] DEBUG FXGLAssetLoaderServi - Loading from file system: jar:file:/C:/Users/User/.m2/repository/com/github/almasb/fxgl/21/fxgl-21.jar!/fxglassets/textures/particles/trace_horizontal.png
19:12:16.450 [FXGL Background Thread 1 ] DEBUG GameApplicationServi - Application scenes initialized
19:12:16.458 [FXGL Background Thread 1 ] DEBUG SystemBundleService  - Loading FXGL system data
19:12:16.462 [FXGL Background Thread 1 ] DEBUG FileSystemAccess     - Reading from: C:\Users\User\IdeaProjects\ComProjHextileFINAL\system\fxgl.bundle
19:12:16.469 [FXGL Background Thread 1 ] DEBUG SystemBundleService  - Bundle FXGL: {}
19:12:16.469 [FXGL Background Thread 1 ] DEBUG UpdaterService       - Checking for updates
19:12:16.471 [FXGL Background Thread 4 ] DEBUG FXGLApplication      - Loading fonts
19:12:16.471 [FXGL Background Thread 4 ] DEBUG FXGLAssetLoaderServi - Loading from file system: jar:file:/C:/Users/User/.m2/repository/com/github/almasb/fxgl/21/fxgl-21.jar!/fxglassets/ui/fonts/VarelaRound-Regular.ttf
19:12:16.472 [FXGL Background Thread 1 ] DEBUG FXGLApplication      - Loading default localization
19:12:16.472 [FXGL Background Thread 1 ] DEBUG FXGLAssetLoaderServi - Loading from file system: jar:file:/C:/Users/User/.m2/repository/com/github/almasb/fxgl/21/fxgl-21.jar!/fxglassets/languages/english.lang
19:12:16.495 [FXGL Background Thread 1 ] INFO  FXGLApplication      - FXGL initialization took: 0.274 sec
19:12:16.498 [FXGL Background Thread 4 ] DEBUG FXGLAssetLoaderServi - Loading from file system: jar:file:/C:/Users/User/.m2/repository/com/github/almasb/fxgl/21/fxgl-21.jar!/fxglassets/ui/fonts/Abel-Regular.ttf
19:12:16.498 [JavaFX Application Thread] DEBUG Input                - Registered new binding: action0 - LMB
19:12:16.499 [JavaFX Application Thread] DEBUG FXGLAssetLoaderServi - Loading from file system: jar:file:/C:/Users/User/.m2/repository/com/github/almasb/fxgl/21/fxgl-21.jar!/fxglassets/textures/fxgl_icon.png
19:12:16.508 [FXGL Background Thread 4 ] DEBUG FXGLAssetLoaderServi - Loading from file system: jar:file:/C:/Users/User/.m2/repository/com/github/almasb/fxgl/21/fxgl-21.jar!/fxglassets/ui/fonts/TerminalLandMono-Regular.otf
19:12:16.510 [JavaFX Application Thread] DEBUG FXGLAssetLoaderServi - Loading from file system: jar:file:/C:/Users/User/.m2/repository/com/github/almasb/fxgl/21/fxgl-21.jar!/fxglassets/textures/fxgl_default_cursor.png
19:12:16.515 [FXGL Background Thread 4 ] DEBUG FXGLAssetLoaderServi - Loading from file system: jar:file:/C:/Users/User/.m2/repository/com/github/almasb/fxgl/21/fxgl-21.jar!/fxglassets/ui/fonts/Courier-Prime.ttf
19:12:16.518 [JavaFX Application Thread] DEBUG Input                - Registered new binding: Screenshot - CTRL+8
19:12:16.518 [JavaFX Application Thread] DEBUG Input                - Registered new binding: System info dump - CTRL+9
19:12:16.519 [JavaFX Application Thread] DEBUG Input                - Registered new binding: Restart - CTRL+R
19:12:16.520 [JavaFX Application Thread] DEBUG Input                - Registered new binding: Toggle Debug Camera - CTRL+7
19:12:16.522 [JavaFX Application Thread] DEBUG LoopRunner           - Starting loop
19:12:16.522 [JavaFX Application Thread] DEBUG LoopRunner           - Initializing JavaFX AnimationTimerLoop
19:12:16.523 [JavaFX Application Thread] DEBUG GameApplicationServi - Starting new game
19:12:16.525 [JavaFX Application Thread] DEBUG Input                - Clearing active input actions
19:12:16.533 [JavaFX Application Thread] DEBUG GameApplicationServi - Removing overlay from FXGLStartupScene and adding to FXGLLoadingScene
19:12:16.534 [JavaFX Application Thread] DEBUG PrimaryStageWindow   - FXGLStartupScene -> FXGLLoadingScene
19:12:16.534 [JavaFX Application Thread] DEBUG GameApplicationServi - Clearing previous game
19:12:16.534 [JavaFX Application Thread] DEBUG GameScene            - Clearing game scene
19:12:16.534 [JavaFX Application Thread] DEBUG GameWorld            - Clearing game world
19:12:16.534 [JavaFX Application Thread] DEBUG PhysicsWorld         - Clearing physics world
19:12:16.535 [FXGL Background Thread 4 ] DEBUG FXGLApplication      - Initializing game
19:12:16.535 [JavaFX Application Thread] DEBUG FXGLApplication      - Registering font factories with UI factory
19:12:16.596 [FXGL Background Thread 4 ] WARN  TMXLevelLoader       - TiledMap generated from 1.10.2. Supported version: 1.9.0. Some features may not be parsed fully.
19:12:16.599 [FXGL Background Thread 4 ] DEBUG TMXLevelLoader       - Parsed TiledMap: file:/C:/Users/User/IdeaProjects/ComProjHextileFINAL/target/classes/assets/levels/level1.tmx
19:12:16.599 [FXGL Background Thread 4 ] DEBUG TMXLevelLoader       - Creating tile layer entities
19:12:16.601 [FXGL Background Thread 4 ] DEBUG TilesetLoader        - Loading view for layer Tile Layer 1
19:12:16.602 [FXGL Background Thread 4 ] DEBUG TilesetLoader        - Created buffer with size 352.0x308.0
19:12:16.617 [FXGL Background Thread 4 ] DEBUG TMXLevelLoader       - Creating object layer entities
19:12:16.618 [FXGL Background Thread 4 ] DEBUG FXGLAssetLoaderServi - Loading from file system: file:/C:/Users/User/IdeaProjects/ComProjHextileFINAL/target/classes/assets/textures/player.png
19:12:16.623 [FXGL Background Thread 4 ] DEBUG GameWorld            - Clearing removable entities
19:12:16.624 [FXGL Background Thread 4 ] DEBUG GameWorld            - Setting level: com.almasb.fxgl.entity.level.Level@792505a3
19:12:16.641 [FXGL Background Thread 4 ] INFO  FXGLApplication      - Game initialization took: 0.106 sec
19:12:16.643 [JavaFX Application Thread] DEBUG Input                - Clearing active input actions
19:12:16.648 [JavaFX Application Thread] DEBUG GameApplicationServi - Removing overlay from FXGLLoadingScene and adding to GameScene
19:12:16.648 [JavaFX Application Thread] DEBUG PrimaryStageWindow   - FXGLLoadingScene -> GameScene
19:12:16.930 [FXGL Background Thread 2 ] INFO  UpdaterService       - Your current version:  21
19:12:16.930 [FXGL Background Thread 2 ] INFO  UpdaterService       - Latest stable version: 21.1
19:12:19.472 [FXGL Background Thread 3 ] DEBUG Engine               - Logging environment variables
19:12:19.472 [FXGL Background Thread 3 ] DEBUG Engine               - achievements: []
19:12:19.472 [FXGL Background Thread 3 ] DEBUG Engine               - actualHeight: 288.0
19:12:19.472 [FXGL Background Thread 3 ] DEBUG Engine               - actualHeightProperty: ReadOnlyDoubleProperty [value: 288.0]
19:12:19.473 [FXGL Background Thread 3 ] DEBUG Engine               - actualWidth: 250.0
19:12:19.473 [FXGL Background Thread 3 ] DEBUG Engine               - actualWidthProperty: ReadOnlyDoubleProperty [value: 250.0]
19:12:19.473 [FXGL Background Thread 3 ] DEBUG Engine               - appIcon: fxgl_icon.png
19:12:19.473 [FXGL Background Thread 3 ] DEBUG Engine               - applicationMode: DEVELOPER
19:12:19.473 [FXGL Background Thread 3 ] DEBUG Engine               - cSSList: [fxgl_dark.css]
19:12:19.473 [FXGL Background Thread 3 ] DEBUG Engine               - collisionDetectionStrategy: BRUTE_FORCE
19:12:19.473 [FXGL Background Thread 3 ] DEBUG Engine               - configClass: Optional.empty
19:12:19.473 [FXGL Background Thread 3 ] DEBUG Engine               - credits: []
19:12:19.474 [FXGL Background Thread 3 ] DEBUG Engine               - defaultCursor: CursorInfo(imageName=fxgl_default_cursor.png, hotspotX=7.0, hotspotY=6.0)
19:12:19.474 [FXGL Background Thread 3 ] DEBUG Engine               - devBBoxColorProperty: ObjectProperty [value: 0xff0000ff]
19:12:19.474 [FXGL Background Thread 3 ] DEBUG Engine               - devEnableDebugCameraProperty: BooleanProperty [value: false]
19:12:19.474 [FXGL Background Thread 3 ] DEBUG Engine               - devSensorColorProperty: ObjectProperty [value: 0xffff00ff]
19:12:19.474 [FXGL Background Thread 3 ] DEBUG Engine               - devShowBBoxProperty: BooleanProperty [value: false]
19:12:19.474 [FXGL Background Thread 3 ] DEBUG Engine               - devShowPositionProperty: BooleanProperty [value: false]
19:12:19.474 [FXGL Background Thread 3 ] DEBUG Engine               - enabledMenuItems: []
19:12:19.474 [FXGL Background Thread 3 ] DEBUG Engine               - engineServices: [class com.almasb.fxgl.app.services.FXGLAssetLoaderService, class com.almasb.fxgl.app.FXGLApplication$GameApplicationService, class com.almasb.fxgl.app.services.FXGLDialogService, class com.almasb.fxgl.app.services.IOTaskExecutorService, class com.almasb.fxgl.io.FileSystemService, class com.almasb.fxgl.localization.LocalizationService, class com.almasb.fxgl.app.services.SystemBundleService, class com.almasb.fxgl.profile.SaveLoadService, class com.almasb.fxgl.ui.FXGLUIFactoryServiceProvider, class com.almasb.fxgl.ui.FXGLDialogFactoryServiceProvider, class com.almasb.fxgl.audio.AudioPlayer, class com.almasb.fxgl.notification.impl.NotificationServiceProvider, class com.almasb.fxgl.achievement.AchievementService, class com.almasb.fxgl.cutscene.CutsceneService, class com.almasb.fxgl.minigames.MiniGameService, class com.almasb.fxgl.net.NetService, class com.almasb.fxgl.app.services.UpdaterService, class com.almasb.fxgl.dev.DevService]
19:12:19.474 [FXGL Background Thread 3 ] DEBUG Engine               - fontGame: Abel-Regular.ttf
19:12:19.474 [FXGL Background Thread 3 ] DEBUG Engine               - fontMono: TerminalLandMono-Regular.otf
19:12:19.474 [FXGL Background Thread 3 ] DEBUG Engine               - fontSizeScaleUI: 1.0
19:12:19.474 [FXGL Background Thread 3 ] DEBUG Engine               - fontText: Courier-Prime.ttf
19:12:19.474 [FXGL Background Thread 3 ] DEBUG Engine               - fontUI: VarelaRound-Regular.ttf
19:12:19.474 [FXGL Background Thread 3 ] DEBUG Engine               - fullScreen: BooleanProperty [value: false]
19:12:19.474 [FXGL Background Thread 3 ] DEBUG Engine               - gameDifficulty: MEDIUM
19:12:19.474 [FXGL Background Thread 3 ] DEBUG Engine               - gameDifficultyProperty: ObjectProperty [value: MEDIUM]
19:12:19.474 [FXGL Background Thread 3 ] DEBUG Engine               - globalMusicVolume: 0.5
19:12:19.474 [FXGL Background Thread 3 ] DEBUG Engine               - globalMusicVolumeProperty: DoubleProperty [value: 0.5]
19:12:19.474 [FXGL Background Thread 3 ] DEBUG Engine               - globalSoundVolume: 0.5
19:12:19.474 [FXGL Background Thread 3 ] DEBUG Engine               - globalSoundVolumeProperty: DoubleProperty [value: 0.5]
19:12:19.474 [FXGL Background Thread 3 ] DEBUG Engine               - height: 288
19:12:19.474 [FXGL Background Thread 3 ] DEBUG Engine               - is3D: false
19:12:19.474 [FXGL Background Thread 3 ] DEBUG Engine               - isAndroid: false
19:12:19.475 [FXGL Background Thread 3 ] DEBUG Engine               - isBrowser: false
19:12:19.475 [FXGL Background Thread 3 ] DEBUG Engine               - isClickFeedbackEnabled: false
19:12:19.475 [FXGL Background Thread 3 ] DEBUG Engine               - isCloseConfirmation: false
19:12:19.475 [FXGL Background Thread 3 ] DEBUG Engine               - isDesktop: true
19:12:19.475 [FXGL Background Thread 3 ] DEBUG Engine               - isDeveloperMenuEnabled: false
19:12:19.475 [FXGL Background Thread 3 ] DEBUG Engine               - isEmbedded: false
19:12:19.478 [FXGL Background Thread 3 ] DEBUG Engine               - isEntityPreloadEnabled: true
19:12:19.479 [FXGL Background Thread 3 ] DEBUG Engine               - isExperimentalTiledLargeMap: false
19:12:19.479 [FXGL Background Thread 3 ] DEBUG Engine               - isFileSystemWriteAllowed: true
19:12:19.479 [FXGL Background Thread 3 ] DEBUG Engine               - isFullScreenAllowed: false
19:12:19.479 [FXGL Background Thread 3 ] DEBUG Engine               - isFullScreenFromStart: false
19:12:19.479 [FXGL Background Thread 3 ] DEBUG Engine               - isGameMenuEnabled: true
19:12:19.479 [FXGL Background Thread 3 ] DEBUG Engine               - isIOS: false
19:12:19.479 [FXGL Background Thread 3 ] DEBUG Engine               - isIntroEnabled: false
19:12:19.479 [FXGL Background Thread 3 ] DEBUG Engine               - isLinux: false
19:12:19.479 [FXGL Background Thread 3 ] DEBUG Engine               - isMac: false
19:12:19.479 [FXGL Background Thread 3 ] DEBUG Engine               - isMainMenuEnabled: false
19:12:19.479 [FXGL Background Thread 3 ] DEBUG Engine               - isManualResizeEnabled: true
19:12:19.479 [FXGL Background Thread 3 ] DEBUG Engine               - isMobile: false
19:12:19.479 [FXGL Background Thread 3 ] DEBUG Engine               - isNative: false
19:12:19.480 [FXGL Background Thread 3 ] DEBUG Engine               - isPauseMusicWhenMinimized: true
19:12:19.480 [FXGL Background Thread 3 ] DEBUG Engine               - isPreserveResizeRatio: false
19:12:19.480 [FXGL Background Thread 3 ] DEBUG Engine               - isProfilingEnabled: false
19:12:19.480 [FXGL Background Thread 3 ] DEBUG Engine               - isScaleAffectedOnResize: true
19:12:19.480 [FXGL Background Thread 3 ] DEBUG Engine               - isSingleStep: false
19:12:19.480 [FXGL Background Thread 3 ] DEBUG Engine               - isUserProfileEnabled: false
19:12:19.480 [FXGL Background Thread 3 ] DEBUG Engine               - isWindows: true
19:12:19.480 [FXGL Background Thread 3 ] DEBUG Engine               - language: ObjectProperty [value: ENGLISH]
19:12:19.480 [FXGL Background Thread 3 ] DEBUG Engine               - menuKey: ESCAPE
19:12:19.480 [FXGL Background Thread 3 ] DEBUG Engine               - mouseSensitivity: 0.2
19:12:19.480 [FXGL Background Thread 3 ] DEBUG Engine               - notificationViewClass: class com.almasb.fxgl.notification.view.XboxNotificationView
19:12:19.480 [FXGL Background Thread 3 ] DEBUG Engine               - pixelsPerMeter: 50.0
19:12:19.480 [FXGL Background Thread 3 ] DEBUG Engine               - platform: WINDOWS
19:12:19.480 [FXGL Background Thread 3 ] DEBUG Engine               - prefHeightProperty: ReadOnlyDoubleProperty [value: 288.0]
19:12:19.480 [FXGL Background Thread 3 ] DEBUG Engine               - prefWidthProperty: ReadOnlyDoubleProperty [value: 250.0]
19:12:19.480 [FXGL Background Thread 3 ] DEBUG Engine               - profileDir: profiles/
19:12:19.480 [FXGL Background Thread 3 ] DEBUG Engine               - profileName: StringProperty [value: DEFAULT]
19:12:19.480 [FXGL Background Thread 3 ] DEBUG Engine               - randomSeed: -1
19:12:19.481 [FXGL Background Thread 3 ] DEBUG Engine               - runtimeInfo: RuntimeInfo(platform=WINDOWS, version=21, build=28.12.2023 13.35)
19:12:19.481 [FXGL Background Thread 3 ] DEBUG Engine               - saveFileExt: sav
19:12:19.481 [FXGL Background Thread 3 ] DEBUG Engine               - scaledHeightProp$fxgl: DoubleProperty [bound, value: 288.0]
19:12:19.481 [FXGL Background Thread 3 ] DEBUG Engine               - scaledWidthProp$fxgl: DoubleProperty [bound, value: 250.0]
19:12:19.481 [FXGL Background Thread 3 ] DEBUG Engine               - sceneFactory: com.almasb.fxgl.app.scene.SceneFactory@6c355df
19:12:19.481 [FXGL Background Thread 3 ] DEBUG Engine               - secondsIn24h: 60
19:12:19.481 [FXGL Background Thread 3 ] DEBUG Engine               - soundMenuBack: menu/back.wav
19:12:19.481 [FXGL Background Thread 3 ] DEBUG Engine               - soundMenuPress: menu/press.wav
19:12:19.481 [FXGL Background Thread 3 ] DEBUG Engine               - soundMenuSelect: menu/select.wav
19:12:19.481 [FXGL Background Thread 3 ] DEBUG Engine               - soundNotification: core/notification.wav
19:12:19.481 [FXGL Background Thread 3 ] DEBUG Engine               - stageStyle: DECORATED
19:12:19.481 [FXGL Background Thread 3 ] DEBUG Engine               - supportedLanguages: [ENGLISH, FRENCH, GERMAN, HUNGARIAN, RUSSIAN]
19:12:19.481 [FXGL Background Thread 3 ] DEBUG Engine               - ticksPerSecond: -1
19:12:19.481 [FXGL Background Thread 3 ] DEBUG Engine               - title: HexBasedExampleGame
19:12:19.481 [FXGL Background Thread 3 ] DEBUG Engine               - urlGithub: https://github.com/AlmasB/FXGL
19:12:19.481 [FXGL Background Thread 3 ] DEBUG Engine               - urlLeaderboard: http://fxgl-top.herokuapp.com/
19:12:19.481 [FXGL Background Thread 3 ] DEBUG Engine               - urlPOM: https://raw.githubusercontent.com/AlmasB/FXGL/release/README.md
19:12:19.481 [FXGL Background Thread 3 ] DEBUG Engine               - userAppClass: class jm.fxgl.game.HexBasedExampleGame
19:12:19.481 [FXGL Background Thread 3 ] DEBUG Engine               - version: 0.0
19:12:19.481 [FXGL Background Thread 3 ] DEBUG Engine               - versionCheckDays: 7
19:12:19.481 [FXGL Background Thread 3 ] DEBUG Engine               - width: 250
19:12:19.481 [FXGL Background Thread 3 ] DEBUG Engine               - Logging services
19:12:19.481 [FXGL Background Thread 3 ] DEBUG Engine               - class com.almasb.fxgl.app.services.FXGLAssetLoaderService
19:12:19.481 [FXGL Background Thread 3 ] DEBUG Engine               - class com.almasb.fxgl.app.FXGLApplication$GameApplicationService
19:12:19.481 [FXGL Background Thread 3 ] DEBUG Engine               - class com.almasb.fxgl.app.services.FXGLDialogService
19:12:19.481 [FXGL Background Thread 3 ] DEBUG Engine               - class com.almasb.fxgl.app.services.IOTaskExecutorService
19:12:19.481 [FXGL Background Thread 3 ] DEBUG Engine               - class com.almasb.fxgl.io.FileSystemService
19:12:19.481 [FXGL Background Thread 3 ] DEBUG Engine               - class com.almasb.fxgl.localization.LocalizationService
19:12:19.481 [FXGL Background Thread 3 ] DEBUG Engine               - class com.almasb.fxgl.app.services.SystemBundleService
19:12:19.481 [FXGL Background Thread 3 ] DEBUG Engine               - class com.almasb.fxgl.profile.SaveLoadService
19:12:19.481 [FXGL Background Thread 3 ] DEBUG Engine               - class com.almasb.fxgl.ui.FXGLUIFactoryServiceProvider
19:12:19.481 [FXGL Background Thread 3 ] DEBUG Engine               - class com.almasb.fxgl.ui.FXGLDialogFactoryServiceProvider
19:12:19.481 [FXGL Background Thread 3 ] DEBUG Engine               - class com.almasb.fxgl.audio.AudioPlayer
19:12:19.481 [FXGL Background Thread 3 ] DEBUG Engine               - class com.almasb.fxgl.notification.impl.NotificationServiceProvider
19:12:19.481 [FXGL Background Thread 3 ] DEBUG Engine               - class com.almasb.fxgl.achievement.AchievementService
19:12:19.481 [FXGL Background Thread 3 ] DEBUG Engine               - class com.almasb.fxgl.cutscene.CutsceneService
19:12:19.481 [FXGL Background Thread 3 ] DEBUG Engine               - class com.almasb.fxgl.minigames.MiniGameService
19:12:19.481 [FXGL Background Thread 3 ] DEBUG Engine               - class com.almasb.fxgl.net.NetService
19:12:19.481 [FXGL Background Thread 3 ] DEBUG Engine               - class com.almasb.fxgl.app.services.UpdaterService
19:12:19.482 [FXGL Background Thread 3 ] DEBUG Engine               - class com.almasb.fxgl.dev.DevService
19:12:24.810 [JavaFX Application Thread] DEBUG FXGLApplication      - Exiting FXGL
19:12:24.810 [JavaFX Application Thread] DEBUG LoopRunner           - Stopping loop
19:12:24.810 [JavaFX Application Thread] DEBUG SystemBundleService  - Saving FXGL system data
19:12:24.811 [JavaFX Application Thread] DEBUG FileSystemAccess     - Writing to: C:\Users\User\IdeaProjects\ComProjHextileFINAL\system\fxgl.bundle
19:12:24.813 [JavaFX Application Thread] DEBUG Async                - Shutting down background threads
19:12:24.813 [JavaFX Application Thread] DEBUG PrimaryStageWindow   - Closing main window
19:12:24.823 [JavaFX Application Thread] DEBUG Logger               - Closing Logger
