22:22:39.254 [main                     ] DEBUG Logger               - Configured Logger
22:22:39.269 [main                     ] DEBUG GameApplication      - Logging settings
Title: jmGAMING
Version: 0.0
Width: 250
Height: 288
Fullscreen: false
Intro: false
Profiling: false
Single step:false
App Mode: DEVELOPER
Menu Key: ESCAPE
Stage Style: DECORATED
Scene Factory: class com.almasb.fxgl.app.scene.SceneFactory

22:22:39.526 [JavaFX Application Thread] DEBUG FXGLApplication      - Initializing FXGL
22:22:39.528 [JavaFX Application Thread] INFO  Engine               - FXGL-21 (28.12.2023 13.35) on WINDOWS (J:21.0.2 FX:21.0.1)
22:22:39.529 [JavaFX Application Thread] DEBUG Engine               - JRE Vendor Name: Oracle Corporation
22:22:39.529 [JavaFX Application Thread] DEBUG Engine               - Running on OS: Windows 11 version 10.0
22:22:39.529 [JavaFX Application Thread] DEBUG Engine               - Architecture: amd64
22:22:39.529 [JavaFX Application Thread] INFO  Engine               - Source code and latest versions at: https://github.com/AlmasB/FXGL
22:22:39.529 [JavaFX Application Thread] INFO  Engine               -       Ask questions and discuss at: https://github.com/AlmasB/FXGL/discussions
22:22:39.529 [JavaFX Application Thread] INFO  Engine               -              Join the FXGL chat at: https://gitter.im/AlmasB/FXGL
22:22:39.584 [JavaFX Application Thread] DEBUG PrimaryStageWindow   - Creating a JavaFX scene
22:22:39.611 [JavaFX Application Thread] DEBUG PrimaryStageWindow   - Target settings size: 250.0 x 288.0
22:22:39.611 [JavaFX Application Thread] DEBUG PrimaryStageWindow   - Scaled scene size:    250.0 x 288.0
22:22:39.611 [JavaFX Application Thread] DEBUG PrimaryStageWindow   - Scaled ratio: (1.0, 1.0)
22:22:39.612 [JavaFX Application Thread] DEBUG PrimaryStageWindow   - Set initial scene to FXGLStartupScene
22:22:39.613 [JavaFX Application Thread] DEBUG PrimaryStageWindow   - Opening main window
22:22:39.656 [JavaFX Application Thread] DEBUG PrimaryStageWindow   - Window border size: (16.0, 39.0)
22:22:39.656 [JavaFX Application Thread] DEBUG PrimaryStageWindow   - Scaled size: 250.0 x 288.0
22:22:39.656 [JavaFX Application Thread] DEBUG PrimaryStageWindow   - Scaled ratio: (1.0, 1.0)
22:22:39.656 [JavaFX Application Thread] DEBUG PrimaryStageWindow   - Scene size: 250.0 x 288.0
22:22:39.657 [JavaFX Application Thread] DEBUG PrimaryStageWindow   - Stage size: 266.0 x 327.0
22:22:39.661 [FXGL Background Thread 1 ] DEBUG Engine               - Initializing environment variables
22:22:39.691 [FXGL Background Thread 1 ] DEBUG FXGLAssetLoaderServi - User app class for loading assets: class jm.fxgl.game.HexBasedExampleGame
22:22:39.691 [FXGL Background Thread 1 ] DEBUG GameApplicationServi - Applying CSS: fxgl_dark.css
22:22:39.692 [FXGL Background Thread 1 ] DEBUG FXGLAssetLoaderServi - Loading from file system: jar:file:/C:/Users/User/.m2/repository/com/github/almasb/fxgl/21/fxgl-21.jar!/fxglassets/ui/css/fxgl_dark.css
22:22:39.713 [FXGL Background Thread 1 ] DEBUG GameApplicationServi - Initializing application scenes
22:22:39.737 [FXGL Background Thread 1 ] DEBUG GameWorld            - Game world initialized
22:22:39.773 [FXGL Background Thread 1 ] DEBUG PhysicsWorld         - Physics world initialized: appHeight=288, physics.ppm=50.0
22:22:39.773 [FXGL Background Thread 1 ] DEBUG PhysicsWorld         - Using strategy: BRUTE_FORCE
22:22:39.776 [FXGL Background Thread 1 ] DEBUG GameScene            - Game scene initialized: 250x288
22:22:39.783 [FXGL Background Thread 1 ] WARN  FXGL.DefaultMenu     - FXGLDefaultMenu is not designed for resolutions < 800x600
22:22:39.783 [FXGL Background Thread 1 ] DEBUG FXGL.DefaultMenu     - createMenuBodyGameMenu()
22:22:39.792 [FXGL Background Thread 1 ] DEBUG FXGL.DefaultMenu     - createOptionsMenu()
22:22:39.798 [FXGL Background Thread 1 ] DEBUG FXGLAssetLoaderServi - Loading from file system: jar:file:/C:/Users/User/.m2/repository/com/github/almasb/fxgl/21/fxgl-21.jar!/fxglassets/textures/particles/smoke.png
22:22:39.854 [FXGL Background Thread 1 ] DEBUG FXGLAssetLoaderServi - Loading from file system: jar:file:/C:/Users/User/.m2/repository/com/github/almasb/fxgl/21/fxgl-21.jar!/fxglassets/textures/particles/trace_horizontal.png
22:22:39.869 [FXGL Background Thread 1 ] DEBUG GameApplicationServi - Application scenes initialized
22:22:39.877 [FXGL Background Thread 1 ] DEBUG SystemBundleService  - Loading FXGL system data
22:22:39.880 [FXGL Background Thread 1 ] DEBUG FileSystemAccess     - Reading from: C:\Users\User\IdeaProjects\ComProjHextile-main\system\fxgl.bundle
22:22:39.886 [FXGL Background Thread 1 ] DEBUG SystemBundleService  - Bundle FXGL: {}
22:22:39.886 [FXGL Background Thread 1 ] DEBUG UpdaterService       - Checking for updates
22:22:39.888 [FXGL Background Thread 4 ] DEBUG FXGLApplication      - Loading fonts
22:22:39.889 [FXGL Background Thread 4 ] DEBUG FXGLAssetLoaderServi - Loading from file system: jar:file:/C:/Users/User/.m2/repository/com/github/almasb/fxgl/21/fxgl-21.jar!/fxglassets/ui/fonts/VarelaRound-Regular.ttf
22:22:39.889 [FXGL Background Thread 1 ] DEBUG FXGLApplication      - Loading default localization
22:22:39.889 [FXGL Background Thread 1 ] DEBUG FXGLAssetLoaderServi - Loading from file system: jar:file:/C:/Users/User/.m2/repository/com/github/almasb/fxgl/21/fxgl-21.jar!/fxglassets/languages/english.lang
22:22:39.909 [FXGL Background Thread 1 ] INFO  FXGLApplication      - FXGL initialization took: 0.249 sec
22:22:39.912 [JavaFX Application Thread] DEBUG Input                - Registered new binding: action0 - LMB
22:22:39.913 [JavaFX Application Thread] DEBUG FXGLAssetLoaderServi - Loading from file system: jar:file:/C:/Users/User/.m2/repository/com/github/almasb/fxgl/21/fxgl-21.jar!/fxglassets/textures/fxgl_icon.png
22:22:39.919 [FXGL Background Thread 4 ] DEBUG FXGLAssetLoaderServi - Loading from file system: jar:file:/C:/Users/User/.m2/repository/com/github/almasb/fxgl/21/fxgl-21.jar!/fxglassets/ui/fonts/Abel-Regular.ttf
22:22:39.926 [FXGL Background Thread 4 ] DEBUG FXGLAssetLoaderServi - Loading from file system: jar:file:/C:/Users/User/.m2/repository/com/github/almasb/fxgl/21/fxgl-21.jar!/fxglassets/ui/fonts/TerminalLandMono-Regular.otf
22:22:39.926 [JavaFX Application Thread] DEBUG FXGLAssetLoaderServi - Loading from file system: jar:file:/C:/Users/User/.m2/repository/com/github/almasb/fxgl/21/fxgl-21.jar!/fxglassets/textures/fxgl_default_cursor.png
22:22:39.932 [JavaFX Application Thread] DEBUG Input                - Registered new binding: Screenshot - CTRL+8
22:22:39.932 [JavaFX Application Thread] DEBUG Input                - Registered new binding: System info dump - CTRL+9
22:22:39.932 [JavaFX Application Thread] DEBUG Input                - Registered new binding: Restart - CTRL+R
22:22:39.933 [JavaFX Application Thread] DEBUG Input                - Registered new binding: Toggle Debug Camera - CTRL+7
22:22:39.934 [FXGL Background Thread 4 ] DEBUG FXGLAssetLoaderServi - Loading from file system: jar:file:/C:/Users/User/.m2/repository/com/github/almasb/fxgl/21/fxgl-21.jar!/fxglassets/ui/fonts/Courier-Prime.ttf
22:22:39.934 [JavaFX Application Thread] DEBUG LoopRunner           - Starting loop
22:22:39.934 [JavaFX Application Thread] DEBUG LoopRunner           - Initializing JavaFX AnimationTimerLoop
22:22:39.936 [JavaFX Application Thread] DEBUG GameApplicationServi - Starting new game
22:22:39.936 [JavaFX Application Thread] DEBUG Input                - Clearing active input actions
22:22:39.946 [JavaFX Application Thread] DEBUG GameApplicationServi - Removing overlay from FXGLStartupScene and adding to FXGLLoadingScene
22:22:39.946 [JavaFX Application Thread] DEBUG PrimaryStageWindow   - FXGLStartupScene -> FXGLLoadingScene
22:22:39.946 [JavaFX Application Thread] DEBUG GameApplicationServi - Clearing previous game
22:22:39.946 [JavaFX Application Thread] DEBUG GameScene            - Clearing game scene
22:22:39.946 [JavaFX Application Thread] DEBUG GameWorld            - Clearing game world
22:22:39.946 [JavaFX Application Thread] DEBUG PhysicsWorld         - Clearing physics world
22:22:39.948 [FXGL Background Thread 4 ] DEBUG FXGLApplication      - Initializing game
22:22:39.948 [JavaFX Application Thread] DEBUG FXGLApplication      - Registering font factories with UI factory
22:22:39.992 [FXGL Background Thread 4 ] WARN  TMXLevelLoader       - TiledMap generated from 1.10.2. Supported version: 1.9.0. Some features may not be parsed fully.
22:22:39.997 [FXGL Background Thread 4 ] DEBUG TMXLevelLoader       - Parsed TiledMap: file:/C:/Users/User/IdeaProjects/ComProjHextile-main/target/classes/assets/levels/level1.tmx
22:22:39.998 [FXGL Background Thread 4 ] DEBUG TMXLevelLoader       - Creating tile layer entities
22:22:39.999 [FXGL Background Thread 4 ] DEBUG TilesetLoader        - Loading view for layer Tile Layer 1
22:22:40.000 [FXGL Background Thread 4 ] DEBUG TilesetLoader        - Created buffer with size 352.0x308.0
22:22:40.018 [FXGL Background Thread 4 ] DEBUG TMXLevelLoader       - Creating object layer entities
22:22:40.019 [FXGL Background Thread 4 ] DEBUG FXGLAssetLoaderServi - Loading from file system: file:/C:/Users/User/IdeaProjects/ComProjHextile-main/target/classes/assets/textures/player.png
22:22:40.023 [FXGL Background Thread 4 ] DEBUG GameWorld            - Clearing removable entities
22:22:40.023 [FXGL Background Thread 4 ] DEBUG GameWorld            - Setting level: com.almasb.fxgl.entity.level.Level@2e739ca7
22:22:40.024 [FXGL Background Thread 4 ] INFO  FXGLApplication      - Game initialization took: 0.077 sec
22:22:40.052 [JavaFX Application Thread] DEBUG Input                - Clearing active input actions
22:22:40.059 [JavaFX Application Thread] DEBUG GameApplicationServi - Removing overlay from FXGLLoadingScene and adding to GameScene
22:22:40.060 [JavaFX Application Thread] DEBUG PrimaryStageWindow   - FXGLLoadingScene -> GameScene
22:22:40.166 [FXGL Background Thread 2 ] INFO  UpdaterService       - Your current version:  21
22:22:40.166 [FXGL Background Thread 2 ] INFO  UpdaterService       - Latest stable version: 21.1
22:22:42.889 [FXGL Background Thread 3 ] DEBUG Engine               - Logging environment variables
22:22:42.889 [FXGL Background Thread 3 ] DEBUG Engine               - achievements: []
22:22:42.889 [FXGL Background Thread 3 ] DEBUG Engine               - actualHeight: 288.0
22:22:42.889 [FXGL Background Thread 3 ] DEBUG Engine               - actualHeightProperty: ReadOnlyDoubleProperty [value: 288.0]
22:22:42.890 [FXGL Background Thread 3 ] DEBUG Engine               - actualWidth: 250.0
22:22:42.891 [FXGL Background Thread 3 ] DEBUG Engine               - actualWidthProperty: ReadOnlyDoubleProperty [value: 250.0]
22:22:42.891 [FXGL Background Thread 3 ] DEBUG Engine               - appIcon: fxgl_icon.png
22:22:42.891 [FXGL Background Thread 3 ] DEBUG Engine               - applicationMode: DEVELOPER
22:22:42.891 [FXGL Background Thread 3 ] DEBUG Engine               - cSSList: [fxgl_dark.css]
22:22:42.891 [FXGL Background Thread 3 ] DEBUG Engine               - collisionDetectionStrategy: BRUTE_FORCE
22:22:42.891 [FXGL Background Thread 3 ] DEBUG Engine               - configClass: Optional.empty
22:22:42.891 [FXGL Background Thread 3 ] DEBUG Engine               - credits: []
22:22:42.891 [FXGL Background Thread 3 ] DEBUG Engine               - defaultCursor: CursorInfo(imageName=fxgl_default_cursor.png, hotspotX=7.0, hotspotY=6.0)
22:22:42.891 [FXGL Background Thread 3 ] DEBUG Engine               - devBBoxColorProperty: ObjectProperty [value: 0xff0000ff]
22:22:42.892 [FXGL Background Thread 3 ] DEBUG Engine               - devEnableDebugCameraProperty: BooleanProperty [value: false]
22:22:42.892 [FXGL Background Thread 3 ] DEBUG Engine               - devSensorColorProperty: ObjectProperty [value: 0xffff00ff]
22:22:42.892 [FXGL Background Thread 3 ] DEBUG Engine               - devShowBBoxProperty: BooleanProperty [value: false]
22:22:42.892 [FXGL Background Thread 3 ] DEBUG Engine               - devShowPositionProperty: BooleanProperty [value: false]
22:22:42.892 [FXGL Background Thread 3 ] DEBUG Engine               - enabledMenuItems: []
22:22:42.892 [FXGL Background Thread 3 ] DEBUG Engine               - engineServices: [class com.almasb.fxgl.app.services.FXGLAssetLoaderService, class com.almasb.fxgl.app.FXGLApplication$GameApplicationService, class com.almasb.fxgl.app.services.FXGLDialogService, class com.almasb.fxgl.app.services.IOTaskExecutorService, class com.almasb.fxgl.io.FileSystemService, class com.almasb.fxgl.localization.LocalizationService, class com.almasb.fxgl.app.services.SystemBundleService, class com.almasb.fxgl.profile.SaveLoadService, class com.almasb.fxgl.ui.FXGLUIFactoryServiceProvider, class com.almasb.fxgl.ui.FXGLDialogFactoryServiceProvider, class com.almasb.fxgl.audio.AudioPlayer, class com.almasb.fxgl.notification.impl.NotificationServiceProvider, class com.almasb.fxgl.achievement.AchievementService, class com.almasb.fxgl.cutscene.CutsceneService, class com.almasb.fxgl.minigames.MiniGameService, class com.almasb.fxgl.net.NetService, class com.almasb.fxgl.app.services.UpdaterService, class com.almasb.fxgl.dev.DevService]
22:22:42.892 [FXGL Background Thread 3 ] DEBUG Engine               - fontGame: Abel-Regular.ttf
22:22:42.892 [FXGL Background Thread 3 ] DEBUG Engine               - fontMono: TerminalLandMono-Regular.otf
22:22:42.892 [FXGL Background Thread 3 ] DEBUG Engine               - fontSizeScaleUI: 1.0
22:22:42.892 [FXGL Background Thread 3 ] DEBUG Engine               - fontText: Courier-Prime.ttf
22:22:42.892 [FXGL Background Thread 3 ] DEBUG Engine               - fontUI: VarelaRound-Regular.ttf
22:22:42.892 [FXGL Background Thread 3 ] DEBUG Engine               - fullScreen: BooleanProperty [value: false]
22:22:42.892 [FXGL Background Thread 3 ] DEBUG Engine               - gameDifficulty: MEDIUM
22:22:42.892 [FXGL Background Thread 3 ] DEBUG Engine               - gameDifficultyProperty: ObjectProperty [value: MEDIUM]
22:22:42.892 [FXGL Background Thread 3 ] DEBUG Engine               - globalMusicVolume: 0.5
22:22:42.892 [FXGL Background Thread 3 ] DEBUG Engine               - globalMusicVolumeProperty: DoubleProperty [value: 0.5]
22:22:42.892 [FXGL Background Thread 3 ] DEBUG Engine               - globalSoundVolume: 0.5
22:22:42.892 [FXGL Background Thread 3 ] DEBUG Engine               - globalSoundVolumeProperty: DoubleProperty [value: 0.5]
22:22:42.892 [FXGL Background Thread 3 ] DEBUG Engine               - height: 288
22:22:42.892 [FXGL Background Thread 3 ] DEBUG Engine               - is3D: false
22:22:42.892 [FXGL Background Thread 3 ] DEBUG Engine               - isAndroid: false
22:22:42.892 [FXGL Background Thread 3 ] DEBUG Engine               - isBrowser: false
22:22:42.892 [FXGL Background Thread 3 ] DEBUG Engine               - isClickFeedbackEnabled: false
22:22:42.892 [FXGL Background Thread 3 ] DEBUG Engine               - isCloseConfirmation: false
22:22:42.892 [FXGL Background Thread 3 ] DEBUG Engine               - isDesktop: true
22:22:42.892 [FXGL Background Thread 3 ] DEBUG Engine               - isDeveloperMenuEnabled: false
22:22:42.893 [FXGL Background Thread 3 ] DEBUG Engine               - isEmbedded: false
22:22:42.895 [FXGL Background Thread 3 ] DEBUG Engine               - isEntityPreloadEnabled: true
22:22:42.896 [FXGL Background Thread 3 ] DEBUG Engine               - isExperimentalTiledLargeMap: false
22:22:42.896 [FXGL Background Thread 3 ] DEBUG Engine               - isFileSystemWriteAllowed: true
22:22:42.896 [FXGL Background Thread 3 ] DEBUG Engine               - isFullScreenAllowed: false
22:22:42.896 [FXGL Background Thread 3 ] DEBUG Engine               - isFullScreenFromStart: false
22:22:42.896 [FXGL Background Thread 3 ] DEBUG Engine               - isGameMenuEnabled: true
22:22:42.897 [FXGL Background Thread 3 ] DEBUG Engine               - isIOS: false
22:22:42.897 [FXGL Background Thread 3 ] DEBUG Engine               - isIntroEnabled: false
22:22:42.897 [FXGL Background Thread 3 ] DEBUG Engine               - isLinux: false
22:22:42.897 [FXGL Background Thread 3 ] DEBUG Engine               - isMac: false
22:22:42.897 [FXGL Background Thread 3 ] DEBUG Engine               - isMainMenuEnabled: false
22:22:42.897 [FXGL Background Thread 3 ] DEBUG Engine               - isManualResizeEnabled: true
22:22:42.897 [FXGL Background Thread 3 ] DEBUG Engine               - isMobile: false
22:22:42.897 [FXGL Background Thread 3 ] DEBUG Engine               - isNative: false
22:22:42.897 [FXGL Background Thread 3 ] DEBUG Engine               - isPauseMusicWhenMinimized: true
22:22:42.897 [FXGL Background Thread 3 ] DEBUG Engine               - isPreserveResizeRatio: false
22:22:42.897 [FXGL Background Thread 3 ] DEBUG Engine               - isProfilingEnabled: false
22:22:42.897 [FXGL Background Thread 3 ] DEBUG Engine               - isScaleAffectedOnResize: true
22:22:42.897 [FXGL Background Thread 3 ] DEBUG Engine               - isSingleStep: false
22:22:42.897 [FXGL Background Thread 3 ] DEBUG Engine               - isUserProfileEnabled: false
22:22:42.897 [FXGL Background Thread 3 ] DEBUG Engine               - isWindows: true
22:22:42.897 [FXGL Background Thread 3 ] DEBUG Engine               - language: ObjectProperty [value: ENGLISH]
22:22:42.897 [FXGL Background Thread 3 ] DEBUG Engine               - menuKey: ESCAPE
22:22:42.897 [FXGL Background Thread 3 ] DEBUG Engine               - mouseSensitivity: 0.2
22:22:42.897 [FXGL Background Thread 3 ] DEBUG Engine               - notificationViewClass: class com.almasb.fxgl.notification.view.XboxNotificationView
22:22:42.897 [FXGL Background Thread 3 ] DEBUG Engine               - pixelsPerMeter: 50.0
22:22:42.897 [FXGL Background Thread 3 ] DEBUG Engine               - platform: WINDOWS
22:22:42.897 [FXGL Background Thread 3 ] DEBUG Engine               - prefHeightProperty: ReadOnlyDoubleProperty [value: 288.0]
22:22:42.897 [FXGL Background Thread 3 ] DEBUG Engine               - prefWidthProperty: ReadOnlyDoubleProperty [value: 250.0]
22:22:42.897 [FXGL Background Thread 3 ] DEBUG Engine               - profileDir: profiles/
22:22:42.897 [FXGL Background Thread 3 ] DEBUG Engine               - profileName: StringProperty [value: DEFAULT]
22:22:42.897 [FXGL Background Thread 3 ] DEBUG Engine               - randomSeed: -1
22:22:42.897 [FXGL Background Thread 3 ] DEBUG Engine               - runtimeInfo: RuntimeInfo(platform=WINDOWS, version=21, build=28.12.2023 13.35)
22:22:42.897 [FXGL Background Thread 3 ] DEBUG Engine               - saveFileExt: sav
22:22:42.897 [FXGL Background Thread 3 ] DEBUG Engine               - scaledHeightProp$fxgl: DoubleProperty [bound, value: 288.0]
22:22:42.897 [FXGL Background Thread 3 ] DEBUG Engine               - scaledWidthProp$fxgl: DoubleProperty [bound, value: 250.0]
22:22:42.897 [FXGL Background Thread 3 ] DEBUG Engine               - sceneFactory: com.almasb.fxgl.app.scene.SceneFactory@ff4088b
22:22:42.897 [FXGL Background Thread 3 ] DEBUG Engine               - secondsIn24h: 60
22:22:42.897 [FXGL Background Thread 3 ] DEBUG Engine               - soundMenuBack: menu/back.wav
22:22:42.898 [FXGL Background Thread 3 ] DEBUG Engine               - soundMenuPress: menu/press.wav
22:22:42.898 [FXGL Background Thread 3 ] DEBUG Engine               - soundMenuSelect: menu/select.wav
22:22:42.898 [FXGL Background Thread 3 ] DEBUG Engine               - soundNotification: core/notification.wav
22:22:42.898 [FXGL Background Thread 3 ] DEBUG Engine               - stageStyle: DECORATED
22:22:42.898 [FXGL Background Thread 3 ] DEBUG Engine               - supportedLanguages: [ENGLISH, FRENCH, GERMAN, HUNGARIAN, RUSSIAN]
22:22:42.898 [FXGL Background Thread 3 ] DEBUG Engine               - ticksPerSecond: -1
22:22:42.898 [FXGL Background Thread 3 ] DEBUG Engine               - title: jmGAMING
22:22:42.898 [FXGL Background Thread 3 ] DEBUG Engine               - urlGithub: https://github.com/AlmasB/FXGL
22:22:42.898 [FXGL Background Thread 3 ] DEBUG Engine               - urlLeaderboard: http://fxgl-top.herokuapp.com/
22:22:42.898 [FXGL Background Thread 3 ] DEBUG Engine               - urlPOM: https://raw.githubusercontent.com/AlmasB/FXGL/release/README.md
22:22:42.898 [FXGL Background Thread 3 ] DEBUG Engine               - userAppClass: class jm.fxgl.game.HexBasedExampleGame
22:22:42.898 [FXGL Background Thread 3 ] DEBUG Engine               - version: 0.0
22:22:42.898 [FXGL Background Thread 3 ] DEBUG Engine               - versionCheckDays: 7
22:22:42.898 [FXGL Background Thread 3 ] DEBUG Engine               - width: 250
22:22:42.898 [FXGL Background Thread 3 ] DEBUG Engine               - Logging services
22:22:42.898 [FXGL Background Thread 3 ] DEBUG Engine               - class com.almasb.fxgl.app.services.FXGLAssetLoaderService
22:22:42.898 [FXGL Background Thread 3 ] DEBUG Engine               - class com.almasb.fxgl.app.FXGLApplication$GameApplicationService
22:22:42.898 [FXGL Background Thread 3 ] DEBUG Engine               - class com.almasb.fxgl.app.services.FXGLDialogService
22:22:42.898 [FXGL Background Thread 3 ] DEBUG Engine               - class com.almasb.fxgl.app.services.IOTaskExecutorService
22:22:42.898 [FXGL Background Thread 3 ] DEBUG Engine               - class com.almasb.fxgl.io.FileSystemService
22:22:42.898 [FXGL Background Thread 3 ] DEBUG Engine               - class com.almasb.fxgl.localization.LocalizationService
22:22:42.898 [FXGL Background Thread 3 ] DEBUG Engine               - class com.almasb.fxgl.app.services.SystemBundleService
22:22:42.898 [FXGL Background Thread 3 ] DEBUG Engine               - class com.almasb.fxgl.profile.SaveLoadService
22:22:42.898 [FXGL Background Thread 3 ] DEBUG Engine               - class com.almasb.fxgl.ui.FXGLUIFactoryServiceProvider
22:22:42.898 [FXGL Background Thread 3 ] DEBUG Engine               - class com.almasb.fxgl.ui.FXGLDialogFactoryServiceProvider
22:22:42.898 [FXGL Background Thread 3 ] DEBUG Engine               - class com.almasb.fxgl.audio.AudioPlayer
22:22:42.898 [FXGL Background Thread 3 ] DEBUG Engine               - class com.almasb.fxgl.notification.impl.NotificationServiceProvider
22:22:42.898 [FXGL Background Thread 3 ] DEBUG Engine               - class com.almasb.fxgl.achievement.AchievementService
22:22:42.898 [FXGL Background Thread 3 ] DEBUG Engine               - class com.almasb.fxgl.cutscene.CutsceneService
22:22:42.898 [FXGL Background Thread 3 ] DEBUG Engine               - class com.almasb.fxgl.minigames.MiniGameService
22:22:42.898 [FXGL Background Thread 3 ] DEBUG Engine               - class com.almasb.fxgl.net.NetService
22:22:42.898 [FXGL Background Thread 3 ] DEBUG Engine               - class com.almasb.fxgl.app.services.UpdaterService
22:22:42.898 [FXGL Background Thread 3 ] DEBUG Engine               - class com.almasb.fxgl.dev.DevService
22:22:49.212 [JavaFX Application Thread] DEBUG FXGLApplication      - Exiting FXGL
22:22:49.212 [JavaFX Application Thread] DEBUG LoopRunner           - Stopping loop
22:22:49.212 [JavaFX Application Thread] DEBUG SystemBundleService  - Saving FXGL system data
22:22:49.213 [JavaFX Application Thread] DEBUG FileSystemAccess     - Writing to: C:\Users\User\IdeaProjects\ComProjHextile-main\system\fxgl.bundle
22:22:49.214 [JavaFX Application Thread] DEBUG Async                - Shutting down background threads
22:22:49.214 [JavaFX Application Thread] DEBUG PrimaryStageWindow   - Closing main window
22:22:49.221 [JavaFX Application Thread] DEBUG Logger               - Closing Logger
