10:13:24.431 [main                     ] DEBUG Logger               - Configured Logger
10:13:24.448 [main                     ] DEBUG GameApplication      - Logging settings
Title: jmGAMING
Version: 0.0
Width: 250
Height: 288
Fullscreen: false
Intro: false
Profiling: false
Single step:false
App Mode: DEVELOPER
Menu Key: ESCAPE
Stage Style: DECORATED
Scene Factory: class com.almasb.fxgl.app.scene.SceneFactory

10:13:24.718 [JavaFX Application Thread] DEBUG FXGLApplication      - Initializing FXGL
10:13:24.720 [JavaFX Application Thread] INFO  Engine               - FXGL-21 (28.12.2023 13.35) on WINDOWS (J:21.0.2 FX:21.0.1)
10:13:24.721 [JavaFX Application Thread] DEBUG Engine               - JRE Vendor Name: Oracle Corporation
10:13:24.721 [JavaFX Application Thread] DEBUG Engine               - Running on OS: Windows 11 version 10.0
10:13:24.721 [JavaFX Application Thread] DEBUG Engine               - Architecture: amd64
10:13:24.721 [JavaFX Application Thread] INFO  Engine               - Source code and latest versions at: https://github.com/AlmasB/FXGL
10:13:24.721 [JavaFX Application Thread] INFO  Engine               -       Ask questions and discuss at: https://github.com/AlmasB/FXGL/discussions
10:13:24.721 [JavaFX Application Thread] INFO  Engine               -              Join the FXGL chat at: https://gitter.im/AlmasB/FXGL
10:13:24.786 [JavaFX Application Thread] DEBUG PrimaryStageWindow   - Creating a JavaFX scene
10:13:24.814 [JavaFX Application Thread] DEBUG PrimaryStageWindow   - Target settings size: 250.0 x 288.0
10:13:24.815 [JavaFX Application Thread] DEBUG PrimaryStageWindow   - Scaled scene size:    250.0 x 288.0
10:13:24.815 [JavaFX Application Thread] DEBUG PrimaryStageWindow   - Scaled ratio: (1.0, 1.0)
10:13:24.815 [JavaFX Application Thread] DEBUG PrimaryStageWindow   - Set initial scene to FXGLStartupScene
10:13:24.817 [JavaFX Application Thread] DEBUG PrimaryStageWindow   - Opening main window
10:13:24.874 [JavaFX Application Thread] DEBUG PrimaryStageWindow   - Window border size: (16.0, 39.0)
10:13:24.874 [JavaFX Application Thread] DEBUG PrimaryStageWindow   - Scaled size: 250.0 x 288.0
10:13:24.874 [JavaFX Application Thread] DEBUG PrimaryStageWindow   - Scaled ratio: (1.0, 1.0)
10:13:24.875 [JavaFX Application Thread] DEBUG PrimaryStageWindow   - Scene size: 250.0 x 288.0
10:13:24.875 [JavaFX Application Thread] DEBUG PrimaryStageWindow   - Stage size: 266.0 x 327.0
10:13:24.879 [FXGL Background Thread 1 ] DEBUG Engine               - Initializing environment variables
10:13:24.914 [FXGL Background Thread 1 ] DEBUG FXGLAssetLoaderServi - User app class for loading assets: class jm.fxgl.game.HexBasedExampleGame
10:13:24.914 [FXGL Background Thread 1 ] DEBUG GameApplicationServi - Applying CSS: fxgl_dark.css
10:13:24.915 [FXGL Background Thread 1 ] DEBUG FXGLAssetLoaderServi - Loading from file system: jar:file:/C:/Users/User/.m2/repository/com/github/almasb/fxgl/21/fxgl-21.jar!/fxglassets/ui/css/fxgl_dark.css
10:13:24.938 [FXGL Background Thread 1 ] DEBUG GameApplicationServi - Initializing application scenes
10:13:24.965 [FXGL Background Thread 1 ] DEBUG GameWorld            - Game world initialized
10:13:25.001 [FXGL Background Thread 1 ] DEBUG PhysicsWorld         - Physics world initialized: appHeight=288, physics.ppm=50.0
10:13:25.001 [FXGL Background Thread 1 ] DEBUG PhysicsWorld         - Using strategy: BRUTE_FORCE
10:13:25.004 [FXGL Background Thread 1 ] DEBUG GameScene            - Game scene initialized: 250x288
10:13:25.013 [FXGL Background Thread 1 ] WARN  FXGL.DefaultMenu     - FXGLDefaultMenu is not designed for resolutions < 800x600
10:13:25.013 [FXGL Background Thread 1 ] DEBUG FXGL.DefaultMenu     - createMenuBodyGameMenu()
10:13:25.022 [FXGL Background Thread 1 ] DEBUG FXGL.DefaultMenu     - createOptionsMenu()
10:13:25.029 [FXGL Background Thread 1 ] DEBUG FXGLAssetLoaderServi - Loading from file system: jar:file:/C:/Users/User/.m2/repository/com/github/almasb/fxgl/21/fxgl-21.jar!/fxglassets/textures/particles/smoke.png
10:13:25.088 [FXGL Background Thread 1 ] DEBUG FXGLAssetLoaderServi - Loading from file system: jar:file:/C:/Users/User/.m2/repository/com/github/almasb/fxgl/21/fxgl-21.jar!/fxglassets/textures/particles/trace_horizontal.png
10:13:25.103 [FXGL Background Thread 1 ] DEBUG GameApplicationServi - Application scenes initialized
10:13:25.111 [FXGL Background Thread 1 ] DEBUG SystemBundleService  - Loading FXGL system data
10:13:25.114 [FXGL Background Thread 1 ] DEBUG FileSystemAccess     - Reading from: C:\Users\User\IdeaProjects\ComProjHextile-main\system\fxgl.bundle
10:13:25.119 [FXGL Background Thread 1 ] DEBUG SystemBundleService  - Bundle FXGL: {}
10:13:25.119 [FXGL Background Thread 1 ] DEBUG UpdaterService       - Checking for updates
10:13:25.122 [FXGL Background Thread 4 ] DEBUG FXGLApplication      - Loading fonts
10:13:25.122 [FXGL Background Thread 4 ] DEBUG FXGLAssetLoaderServi - Loading from file system: jar:file:/C:/Users/User/.m2/repository/com/github/almasb/fxgl/21/fxgl-21.jar!/fxglassets/ui/fonts/VarelaRound-Regular.ttf
10:13:25.122 [FXGL Background Thread 1 ] DEBUG FXGLApplication      - Loading default localization
10:13:25.123 [FXGL Background Thread 1 ] DEBUG FXGLAssetLoaderServi - Loading from file system: jar:file:/C:/Users/User/.m2/repository/com/github/almasb/fxgl/21/fxgl-21.jar!/fxglassets/languages/english.lang
10:13:25.150 [FXGL Background Thread 1 ] INFO  FXGLApplication      - FXGL initialization took: 0.270 sec
10:13:25.153 [FXGL Background Thread 4 ] DEBUG FXGLAssetLoaderServi - Loading from file system: jar:file:/C:/Users/User/.m2/repository/com/github/almasb/fxgl/21/fxgl-21.jar!/fxglassets/ui/fonts/Abel-Regular.ttf
10:13:25.155 [JavaFX Application Thread] DEBUG Input                - Registered new binding: action0 - LMB
10:13:25.156 [JavaFX Application Thread] DEBUG FXGLAssetLoaderServi - Loading from file system: jar:file:/C:/Users/User/.m2/repository/com/github/almasb/fxgl/21/fxgl-21.jar!/fxglassets/textures/fxgl_icon.png
10:13:25.161 [FXGL Background Thread 4 ] DEBUG FXGLAssetLoaderServi - Loading from file system: jar:file:/C:/Users/User/.m2/repository/com/github/almasb/fxgl/21/fxgl-21.jar!/fxglassets/ui/fonts/TerminalLandMono-Regular.otf
10:13:25.169 [FXGL Background Thread 4 ] DEBUG FXGLAssetLoaderServi - Loading from file system: jar:file:/C:/Users/User/.m2/repository/com/github/almasb/fxgl/21/fxgl-21.jar!/fxglassets/ui/fonts/Courier-Prime.ttf
10:13:25.170 [JavaFX Application Thread] DEBUG FXGLAssetLoaderServi - Loading from file system: jar:file:/C:/Users/User/.m2/repository/com/github/almasb/fxgl/21/fxgl-21.jar!/fxglassets/textures/fxgl_default_cursor.png
10:13:25.178 [JavaFX Application Thread] DEBUG Input                - Registered new binding: Screenshot - CTRL+8
10:13:25.179 [JavaFX Application Thread] DEBUG Input                - Registered new binding: System info dump - CTRL+9
10:13:25.179 [JavaFX Application Thread] DEBUG Input                - Registered new binding: Restart - CTRL+R
10:13:25.180 [JavaFX Application Thread] DEBUG Input                - Registered new binding: Toggle Debug Camera - CTRL+7
10:13:25.183 [JavaFX Application Thread] DEBUG LoopRunner           - Starting loop
10:13:25.183 [JavaFX Application Thread] DEBUG LoopRunner           - Initializing JavaFX AnimationTimerLoop
10:13:25.184 [JavaFX Application Thread] DEBUG GameApplicationServi - Starting new game
10:13:25.185 [JavaFX Application Thread] DEBUG Input                - Clearing active input actions
10:13:25.193 [JavaFX Application Thread] DEBUG GameApplicationServi - Removing overlay from FXGLStartupScene and adding to FXGLLoadingScene
10:13:25.193 [JavaFX Application Thread] DEBUG PrimaryStageWindow   - FXGLStartupScene -> FXGLLoadingScene
10:13:25.193 [JavaFX Application Thread] DEBUG GameApplicationServi - Clearing previous game
10:13:25.193 [JavaFX Application Thread] DEBUG GameScene            - Clearing game scene
10:13:25.193 [JavaFX Application Thread] DEBUG GameWorld            - Clearing game world
10:13:25.193 [JavaFX Application Thread] DEBUG PhysicsWorld         - Clearing physics world
10:13:25.195 [JavaFX Application Thread] DEBUG FXGLApplication      - Registering font factories with UI factory
10:13:25.195 [FXGL Background Thread 4 ] DEBUG FXGLApplication      - Initializing game
10:13:25.239 [FXGL Background Thread 4 ] WARN  TMXLevelLoader       - TiledMap generated from 1.10.2. Supported version: 1.9.0. Some features may not be parsed fully.
10:13:25.242 [FXGL Background Thread 4 ] DEBUG TMXLevelLoader       - Parsed TiledMap: file:/C:/Users/User/IdeaProjects/ComProjHextile-main/target/classes/assets/levels/level1.tmx
10:13:25.242 [FXGL Background Thread 4 ] DEBUG TMXLevelLoader       - Creating tile layer entities
10:13:25.244 [FXGL Background Thread 4 ] DEBUG TilesetLoader        - Loading view for layer Tile Layer 1
10:13:25.245 [FXGL Background Thread 4 ] DEBUG TilesetLoader        - Created buffer with size 352.0x308.0
10:13:25.259 [FXGL Background Thread 4 ] DEBUG TMXLevelLoader       - Creating object layer entities
10:13:25.261 [FXGL Background Thread 4 ] DEBUG FXGLAssetLoaderServi - Loading from file system: file:/C:/Users/User/IdeaProjects/ComProjHextile-main/target/classes/assets/textures/player.png
10:13:25.265 [FXGL Background Thread 4 ] DEBUG GameWorld            - Clearing removable entities
10:13:25.265 [FXGL Background Thread 4 ] DEBUG GameWorld            - Setting level: com.almasb.fxgl.entity.level.Level@1e5a32a2
10:13:25.267 [FXGL Background Thread 4 ] INFO  FXGLApplication      - Game initialization took: 0.072 sec
10:13:25.274 [JavaFX Application Thread] DEBUG Input                - Clearing active input actions
10:13:25.280 [JavaFX Application Thread] DEBUG GameApplicationServi - Removing overlay from FXGLLoadingScene and adding to GameScene
10:13:25.280 [JavaFX Application Thread] DEBUG PrimaryStageWindow   - FXGLLoadingScene -> GameScene
10:13:25.554 [FXGL Background Thread 2 ] INFO  UpdaterService       - Your current version:  21
10:13:25.554 [FXGL Background Thread 2 ] INFO  UpdaterService       - Latest stable version: 21.1
10:13:28.123 [FXGL Background Thread 3 ] DEBUG Engine               - Logging environment variables
10:13:28.123 [FXGL Background Thread 3 ] DEBUG Engine               - achievements: []
10:13:28.123 [FXGL Background Thread 3 ] DEBUG Engine               - actualHeight: 288.0
10:13:28.123 [FXGL Background Thread 3 ] DEBUG Engine               - actualHeightProperty: ReadOnlyDoubleProperty [value: 1000.0]
10:13:28.123 [FXGL Background Thread 3 ] DEBUG Engine               - actualWidth: 250.0
10:13:28.123 [FXGL Background Thread 3 ] DEBUG Engine               - actualWidthProperty: ReadOnlyDoubleProperty [value: 942.0]
10:13:28.123 [FXGL Background Thread 3 ] DEBUG Engine               - appIcon: fxgl_icon.png
10:13:28.123 [FXGL Background Thread 3 ] DEBUG Engine               - applicationMode: DEVELOPER
10:13:28.123 [FXGL Background Thread 3 ] DEBUG Engine               - cSSList: [fxgl_dark.css]
10:13:28.124 [FXGL Background Thread 3 ] DEBUG Engine               - collisionDetectionStrategy: BRUTE_FORCE
10:13:28.124 [FXGL Background Thread 3 ] DEBUG Engine               - configClass: Optional.empty
10:13:28.124 [FXGL Background Thread 3 ] DEBUG Engine               - credits: []
10:13:28.124 [FXGL Background Thread 3 ] DEBUG Engine               - defaultCursor: CursorInfo(imageName=fxgl_default_cursor.png, hotspotX=7.0, hotspotY=6.0)
10:13:28.124 [FXGL Background Thread 3 ] DEBUG Engine               - devBBoxColorProperty: ObjectProperty [value: 0xff0000ff]
10:13:28.125 [FXGL Background Thread 3 ] DEBUG Engine               - devEnableDebugCameraProperty: BooleanProperty [value: false]
10:13:28.125 [FXGL Background Thread 3 ] DEBUG Engine               - devSensorColorProperty: ObjectProperty [value: 0xffff00ff]
10:13:28.125 [FXGL Background Thread 3 ] DEBUG Engine               - devShowBBoxProperty: BooleanProperty [value: false]
10:13:28.125 [FXGL Background Thread 3 ] DEBUG Engine               - devShowPositionProperty: BooleanProperty [value: false]
10:13:28.125 [FXGL Background Thread 3 ] DEBUG Engine               - enabledMenuItems: []
10:13:28.125 [FXGL Background Thread 3 ] DEBUG Engine               - engineServices: [class com.almasb.fxgl.app.services.FXGLAssetLoaderService, class com.almasb.fxgl.app.FXGLApplication$GameApplicationService, class com.almasb.fxgl.app.services.FXGLDialogService, class com.almasb.fxgl.app.services.IOTaskExecutorService, class com.almasb.fxgl.io.FileSystemService, class com.almasb.fxgl.localization.LocalizationService, class com.almasb.fxgl.app.services.SystemBundleService, class com.almasb.fxgl.profile.SaveLoadService, class com.almasb.fxgl.ui.FXGLUIFactoryServiceProvider, class com.almasb.fxgl.ui.FXGLDialogFactoryServiceProvider, class com.almasb.fxgl.audio.AudioPlayer, class com.almasb.fxgl.notification.impl.NotificationServiceProvider, class com.almasb.fxgl.achievement.AchievementService, class com.almasb.fxgl.cutscene.CutsceneService, class com.almasb.fxgl.minigames.MiniGameService, class com.almasb.fxgl.net.NetService, class com.almasb.fxgl.app.services.UpdaterService, class com.almasb.fxgl.dev.DevService]
10:13:28.125 [FXGL Background Thread 3 ] DEBUG Engine               - fontGame: Abel-Regular.ttf
10:13:28.125 [FXGL Background Thread 3 ] DEBUG Engine               - fontMono: TerminalLandMono-Regular.otf
10:13:28.125 [FXGL Background Thread 3 ] DEBUG Engine               - fontSizeScaleUI: 1.0
10:13:28.125 [FXGL Background Thread 3 ] DEBUG Engine               - fontText: Courier-Prime.ttf
10:13:28.125 [FXGL Background Thread 3 ] DEBUG Engine               - fontUI: VarelaRound-Regular.ttf
10:13:28.125 [FXGL Background Thread 3 ] DEBUG Engine               - fullScreen: BooleanProperty [value: false]
10:13:28.125 [FXGL Background Thread 3 ] DEBUG Engine               - gameDifficulty: MEDIUM
10:13:28.125 [FXGL Background Thread 3 ] DEBUG Engine               - gameDifficultyProperty: ObjectProperty [value: MEDIUM]
10:13:28.125 [FXGL Background Thread 3 ] DEBUG Engine               - globalMusicVolume: 0.5
10:13:28.125 [FXGL Background Thread 3 ] DEBUG Engine               - globalMusicVolumeProperty: DoubleProperty [value: 0.5]
10:13:28.125 [FXGL Background Thread 3 ] DEBUG Engine               - globalSoundVolume: 0.5
10:13:28.125 [FXGL Background Thread 3 ] DEBUG Engine               - globalSoundVolumeProperty: DoubleProperty [value: 0.5]
10:13:28.125 [FXGL Background Thread 3 ] DEBUG Engine               - height: 288
10:13:28.125 [FXGL Background Thread 3 ] DEBUG Engine               - is3D: false
10:13:28.125 [FXGL Background Thread 3 ] DEBUG Engine               - isAndroid: false
10:13:28.125 [FXGL Background Thread 3 ] DEBUG Engine               - isBrowser: false
10:13:28.125 [FXGL Background Thread 3 ] DEBUG Engine               - isClickFeedbackEnabled: false
10:13:28.125 [FXGL Background Thread 3 ] DEBUG Engine               - isCloseConfirmation: false
10:13:28.125 [FXGL Background Thread 3 ] DEBUG Engine               - isDesktop: true
10:13:28.125 [FXGL Background Thread 3 ] DEBUG Engine               - isDeveloperMenuEnabled: false
10:13:28.125 [FXGL Background Thread 3 ] DEBUG Engine               - isEmbedded: false
10:13:28.125 [FXGL Background Thread 3 ] DEBUG Engine               - isEntityPreloadEnabled: true
10:13:28.125 [FXGL Background Thread 3 ] DEBUG Engine               - isExperimentalTiledLargeMap: false
10:13:28.125 [FXGL Background Thread 3 ] DEBUG Engine               - isFileSystemWriteAllowed: true
10:13:28.125 [FXGL Background Thread 3 ] DEBUG Engine               - isFullScreenAllowed: false
10:13:28.125 [FXGL Background Thread 3 ] DEBUG Engine               - isFullScreenFromStart: false
10:13:28.125 [FXGL Background Thread 3 ] DEBUG Engine               - isGameMenuEnabled: true
10:13:28.125 [FXGL Background Thread 3 ] DEBUG Engine               - isIOS: false
10:13:28.125 [FXGL Background Thread 3 ] DEBUG Engine               - isIntroEnabled: false
10:13:28.125 [FXGL Background Thread 3 ] DEBUG Engine               - isLinux: false
10:13:28.125 [FXGL Background Thread 3 ] DEBUG Engine               - isMac: false
10:13:28.125 [FXGL Background Thread 3 ] DEBUG Engine               - isMainMenuEnabled: false
10:13:28.125 [FXGL Background Thread 3 ] DEBUG Engine               - isManualResizeEnabled: true
10:13:28.125 [FXGL Background Thread 3 ] DEBUG Engine               - isMobile: false
10:13:28.125 [FXGL Background Thread 3 ] DEBUG Engine               - isNative: false
10:13:28.125 [FXGL Background Thread 3 ] DEBUG Engine               - isPauseMusicWhenMinimized: true
10:13:28.125 [FXGL Background Thread 3 ] DEBUG Engine               - isPreserveResizeRatio: false
10:13:28.125 [FXGL Background Thread 3 ] DEBUG Engine               - isProfilingEnabled: false
10:13:28.125 [FXGL Background Thread 3 ] DEBUG Engine               - isScaleAffectedOnResize: true
10:13:28.125 [FXGL Background Thread 3 ] DEBUG Engine               - isSingleStep: false
10:13:28.125 [FXGL Background Thread 3 ] DEBUG Engine               - isUserProfileEnabled: false
10:13:28.126 [FXGL Background Thread 3 ] DEBUG Engine               - isWindows: true
10:13:28.126 [FXGL Background Thread 3 ] DEBUG Engine               - language: ObjectProperty [value: ENGLISH]
10:13:28.126 [FXGL Background Thread 3 ] DEBUG Engine               - menuKey: ESCAPE
10:13:28.126 [FXGL Background Thread 3 ] DEBUG Engine               - mouseSensitivity: 0.2
10:13:28.126 [FXGL Background Thread 3 ] DEBUG Engine               - notificationViewClass: class com.almasb.fxgl.notification.view.XboxNotificationView
10:13:28.126 [FXGL Background Thread 3 ] DEBUG Engine               - pixelsPerMeter: 50.0
10:13:28.126 [FXGL Background Thread 3 ] DEBUG Engine               - platform: WINDOWS
10:13:28.126 [FXGL Background Thread 3 ] DEBUG Engine               - prefHeightProperty: ReadOnlyDoubleProperty [value: 288.0]
10:13:28.126 [FXGL Background Thread 3 ] DEBUG Engine               - prefWidthProperty: ReadOnlyDoubleProperty [value: 250.0]
10:13:28.126 [FXGL Background Thread 3 ] DEBUG Engine               - profileDir: profiles/
10:13:28.126 [FXGL Background Thread 3 ] DEBUG Engine               - profileName: StringProperty [value: DEFAULT]
10:13:28.126 [FXGL Background Thread 3 ] DEBUG Engine               - randomSeed: -1
10:13:28.126 [FXGL Background Thread 3 ] DEBUG Engine               - runtimeInfo: RuntimeInfo(platform=WINDOWS, version=21, build=28.12.2023 13.35)
10:13:28.126 [FXGL Background Thread 3 ] DEBUG Engine               - saveFileExt: sav
10:13:28.126 [FXGL Background Thread 3 ] DEBUG Engine               - scaledHeightProp$fxgl: DoubleProperty [bound, value: 1000.0]
10:13:28.126 [FXGL Background Thread 3 ] DEBUG Engine               - scaledWidthProp$fxgl: DoubleProperty [bound, value: 942.0]
10:13:28.126 [FXGL Background Thread 3 ] DEBUG Engine               - sceneFactory: com.almasb.fxgl.app.scene.SceneFactory@4d55b5e3
10:13:28.126 [FXGL Background Thread 3 ] DEBUG Engine               - secondsIn24h: 60
10:13:28.126 [FXGL Background Thread 3 ] DEBUG Engine               - soundMenuBack: menu/back.wav
10:13:28.126 [FXGL Background Thread 3 ] DEBUG Engine               - soundMenuPress: menu/press.wav
10:13:28.126 [FXGL Background Thread 3 ] DEBUG Engine               - soundMenuSelect: menu/select.wav
10:13:28.126 [FXGL Background Thread 3 ] DEBUG Engine               - soundNotification: core/notification.wav
10:13:28.126 [FXGL Background Thread 3 ] DEBUG Engine               - stageStyle: DECORATED
10:13:28.126 [FXGL Background Thread 3 ] DEBUG Engine               - supportedLanguages: [ENGLISH, FRENCH, GERMAN, HUNGARIAN, RUSSIAN]
10:13:28.126 [FXGL Background Thread 3 ] DEBUG Engine               - ticksPerSecond: -1
10:13:28.126 [FXGL Background Thread 3 ] DEBUG Engine               - title: jmGAMING
10:13:28.126 [FXGL Background Thread 3 ] DEBUG Engine               - urlGithub: https://github.com/AlmasB/FXGL
10:13:28.126 [FXGL Background Thread 3 ] DEBUG Engine               - urlLeaderboard: http://fxgl-top.herokuapp.com/
10:13:28.126 [FXGL Background Thread 3 ] DEBUG Engine               - urlPOM: https://raw.githubusercontent.com/AlmasB/FXGL/release/README.md
10:13:28.126 [FXGL Background Thread 3 ] DEBUG Engine               - userAppClass: class jm.fxgl.game.HexBasedExampleGame
10:13:28.126 [FXGL Background Thread 3 ] DEBUG Engine               - version: 0.0
10:13:28.126 [FXGL Background Thread 3 ] DEBUG Engine               - versionCheckDays: 7
10:13:28.126 [FXGL Background Thread 3 ] DEBUG Engine               - width: 250
10:13:28.126 [FXGL Background Thread 3 ] DEBUG Engine               - Logging services
10:13:28.126 [FXGL Background Thread 3 ] DEBUG Engine               - class com.almasb.fxgl.app.services.FXGLAssetLoaderService
10:13:28.126 [FXGL Background Thread 3 ] DEBUG Engine               - class com.almasb.fxgl.app.FXGLApplication$GameApplicationService
10:13:28.126 [FXGL Background Thread 3 ] DEBUG Engine               - class com.almasb.fxgl.app.services.FXGLDialogService
10:13:28.126 [FXGL Background Thread 3 ] DEBUG Engine               - class com.almasb.fxgl.app.services.IOTaskExecutorService
10:13:28.126 [FXGL Background Thread 3 ] DEBUG Engine               - class com.almasb.fxgl.io.FileSystemService
10:13:28.126 [FXGL Background Thread 3 ] DEBUG Engine               - class com.almasb.fxgl.localization.LocalizationService
10:13:28.126 [FXGL Background Thread 3 ] DEBUG Engine               - class com.almasb.fxgl.app.services.SystemBundleService
10:13:28.126 [FXGL Background Thread 3 ] DEBUG Engine               - class com.almasb.fxgl.profile.SaveLoadService
10:13:28.126 [FXGL Background Thread 3 ] DEBUG Engine               - class com.almasb.fxgl.ui.FXGLUIFactoryServiceProvider
10:13:28.126 [FXGL Background Thread 3 ] DEBUG Engine               - class com.almasb.fxgl.ui.FXGLDialogFactoryServiceProvider
10:13:28.126 [FXGL Background Thread 3 ] DEBUG Engine               - class com.almasb.fxgl.audio.AudioPlayer
10:13:28.126 [FXGL Background Thread 3 ] DEBUG Engine               - class com.almasb.fxgl.notification.impl.NotificationServiceProvider
10:13:28.126 [FXGL Background Thread 3 ] DEBUG Engine               - class com.almasb.fxgl.achievement.AchievementService
10:13:28.126 [FXGL Background Thread 3 ] DEBUG Engine               - class com.almasb.fxgl.cutscene.CutsceneService
10:13:28.126 [FXGL Background Thread 3 ] DEBUG Engine               - class com.almasb.fxgl.minigames.MiniGameService
10:13:28.126 [FXGL Background Thread 3 ] DEBUG Engine               - class com.almasb.fxgl.net.NetService
10:13:28.126 [FXGL Background Thread 3 ] DEBUG Engine               - class com.almasb.fxgl.app.services.UpdaterService
10:13:28.126 [FXGL Background Thread 3 ] DEBUG Engine               - class com.almasb.fxgl.dev.DevService
10:22:05.174 [JavaFX Application Thread] DEBUG FXGLApplication      - Exiting FXGL
10:22:05.174 [JavaFX Application Thread] DEBUG LoopRunner           - Stopping loop
10:22:05.174 [JavaFX Application Thread] DEBUG SystemBundleService  - Saving FXGL system data
10:22:05.177 [JavaFX Application Thread] DEBUG FileSystemAccess     - Writing to: C:\Users\User\IdeaProjects\ComProjHextile-main\system\fxgl.bundle
10:22:05.179 [JavaFX Application Thread] DEBUG Async                - Shutting down background threads
10:22:05.179 [JavaFX Application Thread] DEBUG PrimaryStageWindow   - Closing main window
10:22:05.187 [JavaFX Application Thread] DEBUG Logger               - Closing Logger
